\BOOKMARK [0][-]{chapter.1}{\376\377\0001\000\040\000C\000l\000a\000s\000s\000\040\000I\000n\000d\000e\000x}{}% 1
\BOOKMARK [1][-]{section.1.1}{\376\377\0001\000.\0001\000\040\000C\000l\000a\000s\000s\000\040\000L\000i\000s\000t}{chapter.1}% 2
\BOOKMARK [0][-]{chapter.2}{\376\377\0002\000\040\000C\000l\000a\000s\000s\000\040\000D\000o\000c\000u\000m\000e\000n\000t\000a\000t\000i\000o\000n}{}% 3
\BOOKMARK [1][-]{section.2.1}{\376\377\0002\000.\0001\000\040\000d\000s\000:\000:\000C\000o\000n\000n\000e\000c\000t\000i\000o\000n\000\040\000C\000l\000a\000s\000s\000\040\000R\000e\000f\000e\000r\000e\000n\000c\000e}{chapter.2}% 4
\BOOKMARK [2][-]{subsection.2.1.1}{\376\377\0002\000.\0001\000.\0001\000\040\000D\000e\000t\000a\000i\000l\000e\000d\000\040\000D\000e\000s\000c\000r\000i\000p\000t\000i\000o\000n}{section.2.1}% 5
\BOOKMARK [2][-]{subsection.2.1.2}{\376\377\0002\000.\0001\000.\0002\000\040\000C\000o\000n\000s\000t\000r\000u\000c\000t\000o\000r\000\040\000\046\000\040\000D\000e\000s\000t\000r\000u\000c\000t\000o\000r\000\040\000D\000o\000c\000u\000m\000e\000n\000t\000a\000t\000i\000o\000n}{section.2.1}% 6
\BOOKMARK [3][-]{subsubsection.2.1.2.1}{\376\377\0002\000.\0001\000.\0002\000.\0001\000\040\000C\000o\000n\000n\000e\000c\000t\000i\000o\000n\000\050\000\051}{subsection.2.1.2}% 7
\BOOKMARK [2][-]{subsection.2.1.3}{\376\377\0002\000.\0001\000.\0003\000\040\000M\000e\000m\000b\000e\000r\000\040\000F\000u\000n\000c\000t\000i\000o\000n\000\040\000D\000o\000c\000u\000m\000e\000n\000t\000a\000t\000i\000o\000n}{section.2.1}% 8
\BOOKMARK [3][-]{subsubsection.2.1.3.1}{\376\377\0002\000.\0001\000.\0003\000.\0001\000\040\000g\000e\000t\000\137\000p\000r\000o\000p\000e\000r\000t\000i\000e\000s\000\050\000\051}{subsection.2.1.3}% 9
\BOOKMARK [3][-]{subsubsection.2.1.3.2}{\376\377\0002\000.\0001\000.\0003\000.\0002\000\040\000g\000e\000t\000\137\000v\000i\000e\000w\000\050\000\051}{subsection.2.1.3}% 10
\BOOKMARK [3][-]{subsubsection.2.1.3.3}{\376\377\0002\000.\0001\000.\0003\000.\0003\000\040\000r\000e\000a\000d\000\137\000b\000l\000o\000c\000k\000\050\000\051\000\040\000[\0001\000/\0002\000]}{subsection.2.1.3}% 11
\BOOKMARK [3][-]{subsubsection.2.1.3.4}{\376\377\0002\000.\0001\000.\0003\000.\0004\000\040\000r\000e\000a\000d\000\137\000b\000l\000o\000c\000k\000\050\000\051\000\040\000[\0002\000/\0002\000]}{subsection.2.1.3}% 12
\BOOKMARK [3][-]{subsubsection.2.1.3.5}{\376\377\0002\000.\0001\000.\0003\000.\0005\000\040\000r\000e\000a\000d\000\137\000b\000l\000o\000c\000k\000s\000\050\000\051\000\040\000[\0001\000/\0002\000]}{subsection.2.1.3}% 13
\BOOKMARK [3][-]{subsubsection.2.1.3.6}{\376\377\0002\000.\0001\000.\0003\000.\0006\000\040\000r\000e\000a\000d\000\137\000b\000l\000o\000c\000k\000s\000\050\000\051\000\040\000[\0002\000/\0002\000]}{subsection.2.1.3}% 14
\BOOKMARK [3][-]{subsubsection.2.1.3.7}{\376\377\0002\000.\0001\000.\0003\000.\0007\000\040\000r\000e\000a\000d\000\137\000i\000m\000a\000g\000e\000\050\000\051}{subsection.2.1.3}% 15
\BOOKMARK [3][-]{subsubsection.2.1.3.8}{\376\377\0002\000.\0001\000.\0003\000.\0008\000\040\000r\000e\000a\000d\000\137\000r\000e\000g\000i\000o\000n\000\050\000\051\000\040\000[\0001\000/\0002\000]}{subsection.2.1.3}% 16
\BOOKMARK [3][-]{subsubsection.2.1.3.9}{\376\377\0002\000.\0001\000.\0003\000.\0009\000\040\000r\000e\000a\000d\000\137\000r\000e\000g\000i\000o\000n\000\050\000\051\000\040\000[\0002\000/\0002\000]}{subsection.2.1.3}% 17
\BOOKMARK [3][-]{subsubsection.2.1.3.10}{\376\377\0002\000.\0001\000.\0003\000.\0001\0000\000\040\000w\000r\000i\000t\000e\000\137\000b\000l\000o\000c\000k\000\050\000\051}{subsection.2.1.3}% 18
\BOOKMARK [3][-]{subsubsection.2.1.3.11}{\376\377\0002\000.\0001\000.\0003\000.\0001\0001\000\040\000w\000r\000i\000t\000e\000\137\000b\000l\000o\000c\000k\000s\000\050\000\051}{subsection.2.1.3}% 19
\BOOKMARK [3][-]{subsubsection.2.1.3.12}{\376\377\0002\000.\0001\000.\0003\000.\0001\0002\000\040\000w\000r\000i\000t\000e\000\137\000i\000m\000a\000g\000e\000\050\000\051}{subsection.2.1.3}% 20
\BOOKMARK [3][-]{subsubsection.2.1.3.13}{\376\377\0002\000.\0001\000.\0003\000.\0001\0003\000\040\000w\000r\000i\000t\000e\000\137\000w\000i\000t\000h\000\137\000p\000y\000r\000a\000m\000i\000d\000s\000\050\000\051}{subsection.2.1.3}% 21
\BOOKMARK [1][-]{section.2.2}{\376\377\0002\000.\0002\000\040\000d\000s\000:\000:\000D\000a\000t\000a\000s\000e\000t\000P\000r\000o\000p\000e\000r\000t\000i\000e\000s\000\040\000C\000l\000a\000s\000s\000\040\000R\000e\000f\000e\000r\000e\000n\000c\000e}{chapter.2}% 22
\BOOKMARK [2][-]{subsection.2.2.1}{\376\377\0002\000.\0002\000.\0001\000\040\000D\000e\000t\000a\000i\000l\000e\000d\000\040\000D\000e\000s\000c\000r\000i\000p\000t\000i\000o\000n}{section.2.2}% 23
\BOOKMARK [1][-]{section.2.3}{\376\377\0002\000.\0003\000\040\000d\000s\000:\000:\000I\000m\000a\000g\000e\000V\000i\000e\000w\000\040\000C\000l\000a\000s\000s\000\040\000R\000e\000f\000e\000r\000e\000n\000c\000e}{chapter.2}% 24
\BOOKMARK [2][-]{subsection.2.3.1}{\376\377\0002\000.\0003\000.\0001\000\040\000D\000e\000t\000a\000i\000l\000e\000d\000\040\000D\000e\000s\000c\000r\000i\000p\000t\000i\000o\000n}{section.2.3}% 25
\BOOKMARK [2][-]{subsection.2.3.2}{\376\377\0002\000.\0003\000.\0002\000\040\000C\000o\000n\000s\000t\000r\000u\000c\000t\000o\000r\000\040\000\046\000\040\000D\000e\000s\000t\000r\000u\000c\000t\000o\000r\000\040\000D\000o\000c\000u\000m\000e\000n\000t\000a\000t\000i\000o\000n}{section.2.3}% 26
\BOOKMARK [3][-]{subsubsection.2.3.2.1}{\376\377\0002\000.\0003\000.\0002\000.\0001\000\040\000I\000m\000a\000g\000e\000V\000i\000e\000w\000\050\000\051}{subsection.2.3.2}% 27
\BOOKMARK [2][-]{subsection.2.3.3}{\376\377\0002\000.\0003\000.\0003\000\040\000M\000e\000m\000b\000e\000r\000\040\000F\000u\000n\000c\000t\000i\000o\000n\000\040\000D\000o\000c\000u\000m\000e\000n\000t\000a\000t\000i\000o\000n}{section.2.3}% 28
\BOOKMARK [3][-]{subsubsection.2.3.3.1}{\376\377\0002\000.\0003\000.\0003\000.\0001\000\040\000g\000e\000t\000\137\000p\000r\000o\000p\000e\000r\000t\000i\000e\000s\000\050\000\051}{subsection.2.3.3}% 29
\BOOKMARK [3][-]{subsubsection.2.3.3.2}{\376\377\0002\000.\0003\000.\0003\000.\0002\000\040\000r\000e\000a\000d\000\137\000b\000l\000o\000c\000k\000\050\000\051\000\040\000[\0001\000/\0002\000]}{subsection.2.3.3}% 30
\BOOKMARK [3][-]{subsubsection.2.3.3.3}{\376\377\0002\000.\0003\000.\0003\000.\0003\000\040\000r\000e\000a\000d\000\137\000b\000l\000o\000c\000k\000\050\000\051\000\040\000[\0002\000/\0002\000]}{subsection.2.3.3}% 31
\BOOKMARK [3][-]{subsubsection.2.3.3.4}{\376\377\0002\000.\0003\000.\0003\000.\0004\000\040\000r\000e\000a\000d\000\137\000b\000l\000o\000c\000k\000s\000\050\000\051\000\040\000[\0001\000/\0002\000]}{subsection.2.3.3}% 32
\BOOKMARK [3][-]{subsubsection.2.3.3.5}{\376\377\0002\000.\0003\000.\0003\000.\0005\000\040\000r\000e\000a\000d\000\137\000b\000l\000o\000c\000k\000s\000\050\000\051\000\040\000[\0002\000/\0002\000]}{subsection.2.3.3}% 33
\BOOKMARK [3][-]{subsubsection.2.3.3.6}{\376\377\0002\000.\0003\000.\0003\000.\0006\000\040\000r\000e\000a\000d\000\137\000i\000m\000a\000g\000e\000\050\000\051}{subsection.2.3.3}% 34
\BOOKMARK [3][-]{subsubsection.2.3.3.7}{\376\377\0002\000.\0003\000.\0003\000.\0007\000\040\000r\000e\000a\000d\000\137\000r\000e\000g\000i\000o\000n\000\050\000\051\000\040\000[\0001\000/\0002\000]}{subsection.2.3.3}% 35
\BOOKMARK [3][-]{subsubsection.2.3.3.8}{\376\377\0002\000.\0003\000.\0003\000.\0008\000\040\000r\000e\000a\000d\000\137\000r\000e\000g\000i\000o\000n\000\050\000\051\000\040\000[\0002\000/\0002\000]}{subsection.2.3.3}% 36
\BOOKMARK [3][-]{subsubsection.2.3.3.9}{\376\377\0002\000.\0003\000.\0003\000.\0009\000\040\000w\000r\000i\000t\000e\000\137\000b\000l\000o\000c\000k\000\050\000\051}{subsection.2.3.3}% 37
\BOOKMARK [3][-]{subsubsection.2.3.3.10}{\376\377\0002\000.\0003\000.\0003\000.\0001\0000\000\040\000w\000r\000i\000t\000e\000\137\000b\000l\000o\000c\000k\000s\000\050\000\051}{subsection.2.3.3}% 38
\BOOKMARK [3][-]{subsubsection.2.3.3.11}{\376\377\0002\000.\0003\000.\0003\000.\0001\0001\000\040\000w\000r\000i\000t\000e\000\137\000i\000m\000a\000g\000e\000\050\000\051}{subsection.2.3.3}% 39
\BOOKMARK [1][-]{section.2.4}{\376\377\0002\000.\0004\000\040\000d\000s\000:\000:\000R\000e\000s\000o\000l\000u\000t\000i\000o\000n\000U\000n\000i\000t\000\040\000C\000l\000a\000s\000s\000\040\000R\000e\000f\000e\000r\000e\000n\000c\000e}{chapter.2}% 40
\BOOKMARK [2][-]{subsection.2.4.1}{\376\377\0002\000.\0004\000.\0001\000\040\000D\000e\000t\000a\000i\000l\000e\000d\000\040\000D\000e\000s\000c\000r\000i\000p\000t\000i\000o\000n}{section.2.4}% 41
\BOOKMARK [0][-]{section*.8}{\376\377\000I\000n\000d\000e\000x}{}% 42
